<?xml version="1.0" encoding="UTF-8"?>
<!-- Generated by org.testng.reporters.JUnitXMLReporter -->
<testsuite ignored="0" hostname="Mohammads-MacBook-Air.local" failures="0" tests="5" name="Default test" time="23.978" errors="0" timestamp="2025-03-03T15:52:45 GMT">
  <testcase classname="tests.LoginTest" name="login" time="1.645"/>
  <testcase classname="tests.LoginTest" name="login" time="11.611"/>
  <testcase classname="tests.TestTwo" name="Twot" time="0.001"/>
  <testcase classname="tests.TestFour" name="Fourt" time="0.001"/>
  <testcase classname="tests.TestThree" name="Threet" time="0.0"/>
</testsuite> <!-- Default test -->
